mode: set
github.com/adhimaswaskita/AssetManagement/repositories/producttype_get_all.go:8.78,12.2 2 1
github.com/adhimaswaskita/AssetManagement/repositories/producttype_update.go:8.111,14.2 3 1
github.com/adhimaswaskita/AssetManagement/repositories/repository.go:34.73,40.16 4 0
github.com/adhimaswaskita/AssetManagement/repositories/repository.go:45.2,49.24 2 0
github.com/adhimaswaskita/AssetManagement/repositories/repository.go:40.16,42.3 1 0
github.com/adhimaswaskita/AssetManagement/repositories/manufacture_create.go:6.102,10.2 2 1
github.com/adhimaswaskita/AssetManagement/repositories/manufacture_get_all.go:6.87,10.2 2 1
github.com/adhimaswaskita/AssetManagement/repositories/manufacture_update.go:6.111,11.2 3 1
github.com/adhimaswaskita/AssetManagement/repositories/producttype_create.go:6.93,9.2 2 1
github.com/adhimaswaskita/AssetManagement/repositories/producttype_delete.go:6.54,11.2 3 1
