mode: set
github.com/adhimaswaskita/AssetManagement/repositories/product_create.go:6.86,8.16 2 1
github.com/adhimaswaskita/AssetManagement/repositories/product_create.go:12.2,12.21 1 1
github.com/adhimaswaskita/AssetManagement/repositories/product_create.go:8.16,10.3 1 1
github.com/adhimaswaskita/AssetManagement/repositories/productsupplier_create.go:6.118,8.16 2 1
github.com/adhimaswaskita/AssetManagement/repositories/productsupplier_create.go:12.2,12.29 1 1
github.com/adhimaswaskita/AssetManagement/repositories/productsupplier_create.go:8.16,10.3 1 1
github.com/adhimaswaskita/AssetManagement/repositories/repository.go:45.73,51.16 4 0
github.com/adhimaswaskita/AssetManagement/repositories/repository.go:56.2,60.24 2 0
github.com/adhimaswaskita/AssetManagement/repositories/repository.go:51.16,53.3 1 0
github.com/adhimaswaskita/AssetManagement/repositories/manufacture_delete.go:6.55,9.16 3 1
github.com/adhimaswaskita/AssetManagement/repositories/manufacture_delete.go:13.2,13.12 1 1
github.com/adhimaswaskita/AssetManagement/repositories/manufacture_delete.go:9.16,11.3 1 1
github.com/adhimaswaskita/AssetManagement/repositories/manufacture_update.go:6.111,10.16 3 1
github.com/adhimaswaskita/AssetManagement/repositories/manufacture_update.go:14.2,14.25 1 1
github.com/adhimaswaskita/AssetManagement/repositories/manufacture_update.go:10.16,12.3 1 1
github.com/adhimaswaskita/AssetManagement/repositories/product_update.go:8.95,12.16 3 1
github.com/adhimaswaskita/AssetManagement/repositories/product_update.go:15.2,15.21 1 1
github.com/adhimaswaskita/AssetManagement/repositories/product_update.go:12.16,14.3 1 1
github.com/adhimaswaskita/AssetManagement/repositories/manufacture_create.go:6.102,8.16 2 1
github.com/adhimaswaskita/AssetManagement/repositories/manufacture_create.go:12.2,12.25 1 1
github.com/adhimaswaskita/AssetManagement/repositories/manufacture_create.go:8.16,10.3 1 1
github.com/adhimaswaskita/AssetManagement/repositories/manufacture_get_all.go:6.87,10.2 2 1
github.com/adhimaswaskita/AssetManagement/repositories/product_delete.go:6.51,9.16 3 1
github.com/adhimaswaskita/AssetManagement/repositories/product_delete.go:13.2,13.12 1 1
github.com/adhimaswaskita/AssetManagement/repositories/product_delete.go:9.16,11.3 1 1
github.com/adhimaswaskita/AssetManagement/repositories/productsupplier_delete.go:6.59,9.16 3 1
github.com/adhimaswaskita/AssetManagement/repositories/productsupplier_delete.go:13.2,13.12 1 1
github.com/adhimaswaskita/AssetManagement/repositories/productsupplier_delete.go:9.16,11.3 1 1
github.com/adhimaswaskita/AssetManagement/repositories/producttype_create.go:6.93,8.16 2 1
github.com/adhimaswaskita/AssetManagement/repositories/producttype_create.go:12.2,12.16 1 1
github.com/adhimaswaskita/AssetManagement/repositories/producttype_create.go:8.16,10.3 1 1
github.com/adhimaswaskita/AssetManagement/repositories/product_get_all.go:6.76,10.2 2 1
github.com/adhimaswaskita/AssetManagement/repositories/productsupplier_get_all.go:6.100,10.2 2 1
github.com/adhimaswaskita/AssetManagement/repositories/productsupplier_update.go:6.127,10.16 3 1
github.com/adhimaswaskita/AssetManagement/repositories/productsupplier_update.go:14.2,14.29 1 1
github.com/adhimaswaskita/AssetManagement/repositories/productsupplier_update.go:10.16,12.3 1 1
github.com/adhimaswaskita/AssetManagement/repositories/producttype_delete.go:6.54,9.16 3 1
github.com/adhimaswaskita/AssetManagement/repositories/producttype_delete.go:13.2,13.12 1 1
github.com/adhimaswaskita/AssetManagement/repositories/producttype_delete.go:9.16,11.3 1 1
github.com/adhimaswaskita/AssetManagement/repositories/producttype_get_all.go:8.78,12.2 2 1
github.com/adhimaswaskita/AssetManagement/repositories/producttype_update.go:8.111,12.16 3 1
github.com/adhimaswaskita/AssetManagement/repositories/producttype_update.go:16.2,16.25 1 1
github.com/adhimaswaskita/AssetManagement/repositories/producttype_update.go:12.16,14.3 1 1
