mode: set
github.com/adhimaswaskita/AssetManagement/services/producttype_create.go:6.90,9.16 2 1
github.com/adhimaswaskita/AssetManagement/services/producttype_create.go:13.2,13.26 1 1
github.com/adhimaswaskita/AssetManagement/services/producttype_create.go:9.16,11.3 1 1
github.com/adhimaswaskita/AssetManagement/services/producttype_delete.go:4.51,6.2 1 1
github.com/adhimaswaskita/AssetManagement/services/producttype_get_all.go:8.69,10.16 2 1
github.com/adhimaswaskita/AssetManagement/services/producttype_get_all.go:14.2,14.26 1 1
github.com/adhimaswaskita/AssetManagement/services/producttype_get_all.go:10.16,12.3 1 1
github.com/adhimaswaskita/AssetManagement/services/producttype_update.go:6.108,9.16 2 1
github.com/adhimaswaskita/AssetManagement/services/producttype_update.go:13.2,13.26 1 1
github.com/adhimaswaskita/AssetManagement/services/producttype_update.go:9.16,11.3 1 1
github.com/adhimaswaskita/AssetManagement/services/services.go:22.47,27.2 2 0
